<?xml version="1.0" encoding="UTF-8"?>
<testsuite xmlns:xsi="http://www.w3.org/2001/XMLSchema-instance" xsi:noNamespaceSchemaLocation="https://maven.apache.org/surefire/maven-surefire-plugin/xsd/surefire-test-report-3.0.xsd" version="3.0" name="com.howe.DemoSatokenApplicationTests" time="10.28" tests="1" errors="0" skipped="0" failures="0">
  <properties>
[...]
</properties>
  <testcase name="contextLoads" classname="com.howe.DemoSatokenApplicationTests" time="1.305">
    <system-out><![CDATA[18:30:02.198 [main] DEBUG org.springframework.boot.test.context.SpringBootTestContextBootstrapper - Neither @ContextConfiguration nor @ContextHierarchy found for test class [DemoSatokenApplicationTests]: using SpringBootContextLoader
18:30:02.207 [main] DEBUG org.springframework.test.context.support.AbstractContextLoader - Could not detect default resource locations for test class [com.howe.DemoSatokenApplicationTests]: no resource found for suffixes {-context.xml, Context.groovy}.
18:30:02.209 [main] INFO org.springframework.test.context.support.AnnotationConfigContextLoaderUtils - Could not detect default configuration classes for test class [com.howe.DemoSatokenApplicationTests]: DemoSatokenApplicationTests does not declare any static, non-private, non-final, nested classes annotated with @Configuration.
18:30:02.273 [main] DEBUG org.springframework.boot.test.context.SpringBootTestContextBootstrapper - Using ContextCustomizers for test class [DemoSatokenApplicationTests]: [ExcludeFilterContextCustomizer, DuplicateJsonObjectContextCustomizer, MockitoContextCustomizer, TestRestTemplateContextCustomizer, WebTestClientContextCustomizer, DisableObservabilityContextCustomizer, PropertyMappingContextCustomizer, Customizer]
18:30:02.447 [main] DEBUG org.springframework.context.annotation.ClassPathScanningCandidateComponentProvider - Identified candidate component class: file [E:\Data\IDEA-Work\spring-boot-demo\demo-satoken\target\classes\com\howe\DemoSatokenApplication.class]
18:30:02.451 [main] INFO org.springframework.boot.test.context.SpringBootTestContextBootstrapper - Found @SpringBootConfiguration com.howe.DemoSatokenApplication for test class com.howe.DemoSatokenApplicationTests
18:30:02.625 [main] DEBUG org.springframework.boot.test.context.SpringBootTestContextBootstrapper - Using TestExecutionListeners for test class [DemoSatokenApplicationTests]: [ServletTestExecutionListener, DirtiesContextBeforeModesTestExecutionListener, ApplicationEventsTestExecutionListener, MockitoTestExecutionListener, DependencyInjectionTestExecutionListener, DirtiesContextTestExecutionListener, TransactionalTestExecutionListener, SqlScriptsTestExecutionListener, EventPublishingTestExecutionListener, ResetMocksTestExecutionListener, RestDocsTestExecutionListener, MockRestServiceServerResetTestExecutionListener, MockMvcPrintOnlyOnFailureTestExecutionListener, WebDriverTestExecutionListener, MockWebServiceServerTestExecutionListener]
18:30:02.629 [main] DEBUG org.springframework.test.context.support.AbstractDirtiesContextTestExecutionListener - Before test class: class [DemoSatokenApplicationTests], class annotated with @DirtiesContext [false] with mode [null]

  .   ____          _            __ _ _
 /\\ / ___'_ __ _ _(_)_ __  __ _ \ \ \ \
( ( )\___ | '_ | '_| | '_ \/ _` | \ \ \ \
 \\/  ___)| |_)| | | | | || (_| |  ) ) ) )
  '  |____| .__|_| |_|_| |_\__, | / / / /
 =========|_|==============|___/=/_/_/_/
 :: Spring Boot ::                (v3.0.2)

2023-12-25T18:30:03.318+08:00  INFO 4356 --- [           main] com.howe.DemoSatokenApplicationTests     : Starting DemoSatokenApplicationTests using Java 17.0.6 with PID 4356 (started by zzhave in E:\Data\IDEA-Work\spring-boot-demo\demo-satoken)
2023-12-25T18:30:03.321+08:00 DEBUG 4356 --- [           main] com.howe.DemoSatokenApplicationTests     : Running with Spring Boot v3.0.2, Spring v6.0.4
2023-12-25T18:30:03.323+08:00  INFO 4356 --- [           main] com.howe.DemoSatokenApplicationTests     : No active profile set, falling back to 1 default profile: "default"
 _ _   |_  _ _|_. ___ _ |    _ 
| | |\/|_)(_| | |_\  |_)||_|_\ 
     /               |         
                        3.5.3.1 
____ ____    ___ ____ _  _ ____ _  _ 
[__  |__| __  |  |  | |_/  |___ |\ | 
___] |  |     |  |__| | \_ |___ | \| 
https://sa-token.cc (v1.34.0)
2023-12-25T18:30:10.771+08:00  INFO 4356 --- [           main] com.howe.DemoSatokenApplicationTests     : Started DemoSatokenApplicationTests in 8.04 seconds (process running for 9.978)
]]></system-out>
  </testcase>
</testsuite>